<?xml version="1.0" encoding="UTF-8"?>
<testng-results ignored="0" total="1" passed="1" failed="0" skipped="0">
  <reporter-output>
  </reporter-output>
  <suite started-at="2020-09-30T19:23:41 IST" name="Default suite" finished-at="2020-09-30T19:24:52 IST" duration-ms="71065">
    <groups>
    </groups>
    <test started-at="2020-09-30T19:23:41 IST" name="Default test" finished-at="2020-09-30T19:24:52 IST" duration-ms="71065">
      <class name="testCases.Login">
        <test-method is-config="true" signature="beforeTestSuite()[pri:0, instance:testCases.Login@2aa3cd93]" started-at="2020-09-30T19:23:41 IST" name="beforeTestSuite" finished-at="2020-09-30T19:24:01 IST" duration-ms="19920" status="PASS">
          <reporter-output>
          </reporter-output>
        </test-method> <!-- beforeTestSuite -->
        <test-method signature="login()[pri:0, instance:testCases.Login@2aa3cd93]" started-at="2020-09-30T19:24:01 IST" name="login" finished-at="2020-09-30T19:24:52 IST" duration-ms="51052" status="PASS">
          <reporter-output>
          </reporter-output>
        </test-method> <!-- login -->
        <test-method is-config="true" signature="afterSimpleTest()[pri:0, instance:testCases.Login@2aa3cd93]" started-at="2020-09-30T19:24:52 IST" name="afterSimpleTest" finished-at="2020-09-30T19:24:52 IST" duration-ms="0" status="PASS">
          <reporter-output>
          </reporter-output>
        </test-method> <!-- afterSimpleTest -->
      </class> <!-- testCases.Login -->
    </test> <!-- Default test -->
  </suite> <!-- Default suite -->
</testng-results>
